cycle 0
$00: 0x00000000
$01: 0x00000000
$02: 0x00000000
$03: 0x00000000
$04: 0x00000000
$05: 0x00000000
$06: 0x00000000
$07: 0x00000000
$08: 0x00000000
$09: 0x00000000
$10: 0x00000000
$11: 0x00000000
$12: 0x00000000
$13: 0x00000000
$14: 0x00000000
$15: 0x00000000
$16: 0x00000000
$17: 0x00000000
$18: 0x00000000
$19: 0x00000000
$20: 0x00000000
$21: 0x00000000
$22: 0x00000000
$23: 0x00000000
$24: 0x00000000
$25: 0x00000000
$26: 0x00000000
$27: 0x00000000
$28: 0x00000000
$29: 0x00000400
$30: 0x00000000
$31: 0x00000000
$HI: 0x00000000
$LO: 0x00000000
PC: 0x00000200
IF: 0x94030000
ID: NOP
EX: NOP
DM: NOP
WB: NOP


cycle 1
PC: 0x00000204
IF: 0x8C240008
ID: LHU
EX: NOP
DM: NOP
WB: NOP


cycle 2
PC: 0x00000208
IF: 0x8007000E
ID: LW
EX: LHU
DM: NOP
WB: NOP


cycle 3
PC: 0x0000020C
IF: 0x904C0006
ID: LB
EX: LW
DM: LHU
WB: NOP


cycle 4
PC: 0x00000210
IF: 0x20400001
ID: LBU
EX: LB
DM: LW
WB: LHU


cycle 5
$03: 0x0000A115
PC: 0x00000214
IF: 0x20020001
ID: ADDI
EX: LBU
DM: LB
WB: LW


cycle 6
$04: 0xCC521914
PC: 0x00000218
IF: 0x00833024
ID: ADDI
EX: ADDI
DM: LBU
WB: LB


cycle 7
$07: 0x00000022
PC: 0x0000021C
IF: 0x30640005
ID: AND
EX: ADDI
DM: ADDI
WB: LBU


cycle 8
$12: 0x0000001C
PC: 0x00000220
IF: 0x00064082
ID: ANDI
EX: AND
DM: ADDI
WB: ADDI


cycle 9
PC: 0x00000224
IF: 0x0182982A
ID: SRL
EX: ANDI
DM: AND
WB: ADDI


cycle 10
$02: 0x00000001
PC: 0x00000228
IF: 0x008CCEA2
ID: SLT
EX: SRL fwd_DM-WB_rt_$6
DM: ANDI
WB: AND


cycle 11
$06: 0x00000114
PC: 0x0000022C
IF: 0x351A0044
ID: SUB
EX: SLT
DM: SRL
WB: ANDI


cycle 12
$04: 0x00000005
PC: 0x00000230
IF: 0x12A70003
ID: ORI
EX: SUB
DM: SLT
WB: SRL


cycle 13
$08: 0x00000045
PC: 0x00000234
IF: 0x00E0A860
ID: BEQ
EX: ORI
DM: SUB
WB: SLT


cycle 14
PC: 0x00000238
IF: 0x12A00002
ID: ADD
EX: BEQ
DM: ORI
WB: SUB


cycle 15
$25: 0xFFFFFFE9
PC: 0x0000023C
IF: 0x08000089 to_be_stalled
ID: BEQ to_be_stalled
EX: ADD
DM: BEQ
WB: ORI


cycle 16
$26: 0x00000045
PC: 0x0000023C
IF: 0x08000089
ID: BEQ fwd_EX-DM_rs_$21
EX: NOP
DM: ADD
WB: BEQ


cycle 17
PC: 0x00000240
IF: 0x90807FFF to_be_flushed
ID: J
EX: BEQ
DM: NOP
WB: ADD


cycle 18
$21: 0x00000022
PC: 0x00000224
IF: 0x0182982A
ID: NOP
EX: J
DM: BEQ
WB: NOP


cycle 19
PC: 0x00000228
IF: 0x008CCEA2
ID: SLT
EX: NOP
DM: J
WB: BEQ


cycle 20
PC: 0x0000022C
IF: 0x351A0044
ID: SUB
EX: SLT
DM: NOP
WB: J


cycle 21
PC: 0x00000230
IF: 0x12A70003
ID: ORI
EX: SUB
DM: SLT
WB: NOP


cycle 22
PC: 0x00000234
IF: 0x00E0A860 to_be_flushed
ID: BEQ
EX: ORI
DM: SUB
WB: SLT


cycle 23
PC: 0x00000240
IF: 0x90807FFF
ID: NOP
EX: BEQ
DM: ORI
WB: SUB


cycle 24
PC: 0x00000244
IF: 0xFC000000
ID: LBU
EX: NOP
DM: BEQ
WB: ORI


cycle 25
PC: 0x00000248
IF: 0xFC000000
ID: HALT
EX: LBU
DM: NOP
WB: BEQ


cycle 26
PC: 0x0000024C
IF: 0xFC000000
ID: HALT
EX: HALT
DM: LBU
WB: NOP


cycle 27
PC: 0x00000250
IF: 0xFC000000
ID: HALT
EX: HALT
DM: HALT
WB: LBU


cycle 28
PC: 0x00000254
IF: 0xFC000000
ID: HALT
EX: HALT
DM: HALT
WB: HALT


